This file contains any messages produced by compilers while
running configure, to aid debugging if configure makes a mistake.

configure:532: checking for gcc
configure:645: checking whether the C compiler (gcc  ) works
configure:661: gcc -o conftest    conftest.c  1>&5
configure:687: checking whether the C compiler (gcc  ) is a cross-compiler
configure:692: checking whether we are using GNU C
configure:720: checking whether gcc accepts -g
configure:756: checking for c++
configure:788: checking whether the C++ compiler (c++  ) works
configure:804: c++ -o conftest    conftest.C  1>&5
configure:830: checking whether the C++ compiler (c++  ) is a cross-compiler
configure:835: checking whether we are using GNU C++
configure:863: checking whether c++ accepts -g
configure:905: checking that C++ compiler can compile simple program
configure:918: c++ -o conftest -g -O2   conftest.C  1>&5
configure:932: checking that C++ static constructors and destructors are called
configure:957: c++ -o conftest -g -O2   conftest.C  1>&5
configure:970: checking that header files support C++
configure:979: c++ -o conftest -g -O2   conftest.C  1>&5
configure:997: checking whether character set is EBCDIC
configure:1011: gcc -c -g -O2  conftest.c 1>&5
configure: In function `main':
configure:1006: `make' undeclared (first use in this function)
configure:1006: (Each undeclared identifier is reported only once
configure:1006: for each function it appears in.)
configure:1006: parse error before `an'
configure: failed program was:
#line 999 "configure"
#include "confdefs.h"

int main() {
/* Treat any failure as ASCII for compatibility with existing art.
    Use compile-time rather than run-time tests for cross-compiler
    tolerance. */
#if '0' != 240
make an error "Character set is not EBCDIC"
#endif
; return 0; }
configure:1049: checking for lpr
configure:1083: checking for lp
configure:1160: checking for command to use for printing PostScript files
configure:1164: checking for command to use for printing dvi files
configure:1177: checking for perl
configure:1215: checking for byacc
configure:1248: checking for ranlib
configure:1308: checking for a BSD compatible install
configure:1361: checking whether ln -s works
configure:1382: checking for csh hash hack
configure:1398: checking how to run the C preprocessor
configure:1482: checking for stdlib.h
configure:1482: checking for unistd.h
configure:1482: checking for dirent.h
configure:1482: checking for limits.h
configure:1482: checking for sys/dir.h
configure:1482: checking for string.h
configure:1482: checking for strings.h
configure:1482: checking for math.h
configure:1519: checking for ISC 3.x or 4.x
configure:1531: checking whether -D_POSIX_SOURCE is necessary
configure:1549: c++ -c -g -O2  conftest.C 1>&5
configure:1543: declaration of C function `void fileno(int)' conflicts with
/include/stdio.h:563: previous declaration `int fileno(FILE *)' here
configure: failed program was:
#line 1541 "configure"
#include "confdefs.h"
#include <stdio.h>
extern "C" { void fileno(int); }
int main() {

; return 0; }
configure:1578: checking for return type of srand
configure:1588: c++ -c -g -O2  conftest.C 1>&5
configure:1609: checking whether hypot must be declared
configure:1673: checking whether popen must be declared
configure:1737: checking whether pclose must be declared
configure:1801: checking whether putenv must be declared
configure:1865: checking whether strncasecmp must be declared
configure:1937: checking for sys_nerr in <errno.h> or <stdio.h>
configure:1947: c++ -c -g -O2  conftest.C 1>&5
configure:1968: checking for sys_errlist in <errno.h> or <stdio.h>
configure:1978: gcc -c -g -O2  conftest.c 1>&5
configure:2000: checking C++ <osfcn.h>
configure:2009: c++ -c -g -O2  conftest.C 1>&5
configure:2003: osfcn.h: No such file or directory
configure: failed program was:
#line 2002 "configure"
#include "confdefs.h"
#include <osfcn.h>
int main() {
read(0, 0, 0); open(0, 0);
; return 0; }
configure:2038: checking C++ <limits.h>
configure:2047: c++ -c -g -O2  conftest.C 1>&5
configure:2076: checking for declaration of time_t
configure:2085: c++ -c -g -O2  conftest.C 1>&5
configure:2106: checking return type of signal handlers
configure:2147: checking struct exception
configure:2156: gcc -c -g -O2  conftest.c 1>&5
configure:2170: checking for sin in -lm
configure:2214: checking for unistd.h
configure:2253: checking for getpagesize
configure:2306: checking for working mmap
configure:2481: checking for fmod
configure:2481: checking for strtol
configure:2481: checking for getcwd
configure:2481: checking for strerror
configure:2481: checking for putenv
configure:2539: checking for rename
configure:2539: checking for mkstemp
configure:2539: checking for strcasecmp
configure:2539: checking for strncasecmp
configure:2539: checking for strsep
configure:2539: checking for strdup
configure:2592: checking for sys_siglist declaration in signal.h or unistd.h
configure:2638: checking whether ANSI array delete syntax supported
configure:2647: c++ -c -g -O2  conftest.C 1>&5
configure:2676: checking traditional preprocessor
configure:2685: c++ -c -g -O2  conftest.C 1>&5
configure: In function `int main()':
configure:2681: parse error before `;'
configure: failed program was:
#line 2678 "configure"
#include "confdefs.h"
#define name2(a,b) a/**/b
int main() {
int name2(foo,bar);
; return 0; }
configure:2706: checking w_coredump
configure:2726: gcc -o conftest -g -O2   conftest.c  1>&5
configure: failed program was:
#line 2711 "configure"
#include "confdefs.h"
#include <sys/types.h>
#include <sys/wait.h>
main()
{
#ifdef WCOREFLAG
  exit(1);
#else
  int i = 0;
  ((union wait *)&i)->w_coredump = 1;
  exit(i != 0200);
#endif
}
configure:2742: checking default value for grops -b option
configure:2747: checking default paper size
configure:2789: checking for existing troff installation
configure:2799: checking for prefix of system macro packages
configure:2819: checking which system macro packages should be made available
