This file contains any messages produced by compilers while
running configure, to aid debugging if configure makes a mistake.

It was created by configure, which was
generated by GNU Autoconf 2.53.  Invocation command line was

  $ ./configure 

## --------- ##
## Platform. ##
## --------- ##

hostname = default.domain
uname -m = i386
uname -r = 13
uname -s = atheos
uname -v = 0.4.2

/usr/bin/uname -p = unknown
/bin/uname -X     = unknown

/bin/arch              = unknown
/usr/bin/arch -k       = unknown
/usr/convex/getsysinfo = unknown
hostinfo               = unknown
/bin/machine           = unknown
/usr/bin/oslevel       = unknown
/bin/universe          = unknown

PATH: /usr/local/bin
PATH: /usr/bin
PATH: /bin
PATH: /usr/sbin
PATH: /home/root/bin
PATH: /atheos/autolnk/bin
PATH: /atheos/autolnk/sbin
PATH: /usr/jed/bin
PATH: /usr/inetutils/bin
PATH: ./


## ----------- ##
## Core tests. ##
## ----------- ##

configure:1398: checking build system type
configure:1416: result: i386-unknown-atheos
configure:1424: checking host system type
configure:1438: result: i386-unknown-atheos
configure:1446: checking target system type
configure:1460: result: i386-unknown-atheos
configure:1521: checking for gcc
configure:1547: result: gcc
configure:1791: checking for C compiler version
configure:1794: gcc --version </dev/null >&5
2.95.2
configure:1797: $? = 0
configure:1799: gcc -v </dev/null >&5
Reading specs from /usr/gcc295/lib/gcc-lib/i386-any-atheos/2.95.2/specs
gcc version 2.95.2 19991024 (release)
configure:1802: $? = 0
configure:1804: gcc -V </dev/null >&5
gcc: argument to `-V' is missing
configure:1807: $? = 1
configure:1833: checking for C compiler default output
configure:1836: gcc    conftest.c  >&5
configure:1839: $? = 0
configure:1872: result: a.out
configure:1877: checking whether the C compiler works
configure:1883: ./a.out
configure:1886: $? = 0
configure:1901: result: yes
configure:1908: checking whether we are cross compiling
configure:1910: result: no
configure:1913: checking for suffix of executables
configure:1915: gcc -o conftest    conftest.c  >&5
configure:1918: $? = 0
configure:1940: result: 
configure:1946: checking for suffix of object files
configure:1970: gcc -c   conftest.c >&5
configure:1973: $? = 0
configure:1992: result: o
configure:1996: checking whether we are using the GNU C compiler
configure:2023: gcc -c   conftest.c >&5
configure:2026: $? = 0
configure:2029: test -s conftest.o
configure:2032: $? = 0
configure:2044: result: yes
configure:2050: checking whether gcc accepts -g
configure:2074: gcc -c -g  conftest.c >&5
configure:2077: $? = 0
configure:2080: test -s conftest.o
configure:2083: $? = 0
configure:2093: result: yes
configure:2120: gcc -c -g -O2  conftest.c >&5
conftest.c:2: parse error before `me'
configure:2123: $? = 1
configure: failed program was:
#ifndef __cplusplus
  choke me
#endif
configure:2238: checking how to run the C preprocessor
configure:2264: gcc -E  conftest.c
configure:2270: $? = 0
configure:2297: gcc -E  conftest.c
configure:2293: ac_nonexistent.h: No such file or directory
configure:2303: $? = 1
configure: failed program was:
#line 2292 "configure"
#include "confdefs.h"
#include <ac_nonexistent.h>
configure:2340: result: gcc -E
configure:2355: gcc -E  conftest.c
configure:2361: $? = 0
configure:2388: gcc -E  conftest.c
configure:2384: ac_nonexistent.h: No such file or directory
configure:2394: $? = 1
configure: failed program was:
#line 2383 "configure"
#include "confdefs.h"
#include <ac_nonexistent.h>
configure:2455: checking for rm
configure:2471: found /usr/bin/rm
configure:2481: result: rm -f
configure:2490: checking for rmdir
configure:2506: found /usr/bin/rmdir
configure:2516: result: rmdir
configure:2536: checking for a BSD-compatible install
configure:2590: result: /usr/bin/install -c
configure:2610: checking for ANSI C header files
configure:2624: gcc -E  conftest.c
configure:2630: $? = 0
configure:2715: gcc -o conftest -g -O2   conftest.c  >&5
configure:2718: $? = 0
configure:2720: ./conftest
configure:2723: $? = 0
configure:2737: result: yes
configure:2761: checking for sys/types.h
configure:2774: gcc -c -g -O2  conftest.c >&5
configure:2777: $? = 0
configure:2780: test -s conftest.o
configure:2783: $? = 0
configure:2793: result: yes
configure:2761: checking for sys/stat.h
configure:2774: gcc -c -g -O2  conftest.c >&5
configure:2777: $? = 0
configure:2780: test -s conftest.o
configure:2783: $? = 0
configure:2793: result: yes
configure:2761: checking for stdlib.h
configure:2774: gcc -c -g -O2  conftest.c >&5
configure:2777: $? = 0
configure:2780: test -s conftest.o
configure:2783: $? = 0
configure:2793: result: yes
configure:2761: checking for string.h
configure:2774: gcc -c -g -O2  conftest.c >&5
configure:2777: $? = 0
configure:2780: test -s conftest.o
configure:2783: $? = 0
configure:2793: result: yes
configure:2761: checking for memory.h
configure:2774: gcc -c -g -O2  conftest.c >&5
configure:2777: $? = 0
configure:2780: test -s conftest.o
configure:2783: $? = 0
configure:2793: result: yes
configure:2761: checking for strings.h
configure:2774: gcc -c -g -O2  conftest.c >&5
configure:2777: $? = 0
configure:2780: test -s conftest.o
configure:2783: $? = 0
configure:2793: result: yes
configure:2761: checking for inttypes.h
configure:2774: gcc -c -g -O2  conftest.c >&5
configure:2777: $? = 0
configure:2780: test -s conftest.o
configure:2783: $? = 0
configure:2793: result: yes
configure:2761: checking for stdint.h
configure:2774: gcc -c -g -O2  conftest.c >&5
configure:2777: $? = 0
configure:2780: test -s conftest.o
configure:2783: $? = 0
configure:2793: result: yes
configure:2761: checking for unistd.h
configure:2774: gcc -c -g -O2  conftest.c >&5
configure:2777: $? = 0
configure:2780: test -s conftest.o
configure:2783: $? = 0
configure:2793: result: yes
configure:2820: checking fcntl.h usability
configure:2829: gcc -c -g -O2  conftest.c >&5
configure:2832: $? = 0
configure:2835: test -s conftest.o
configure:2838: $? = 0
configure:2847: result: yes
configure:2851: checking fcntl.h presence
configure:2858: gcc -E  conftest.c
configure:2864: $? = 0
configure:2882: result: yes
configure:2900: checking for fcntl.h
configure:2907: result: yes
configure:2811: checking for unistd.h
configure:2816: result: yes
configure:2921: checking for gcc option to accept ANSI C
configure:2984: gcc  -c -g -O2  conftest.c >&5
configure:2987: $? = 0
configure:2990: test -s conftest.o
configure:2993: $? = 0
configure:3010: result: none needed
configure:3018: checking for an ANSI C-conforming const
configure:3088: gcc -c -g -O2  conftest.c >&5
configure:3091: $? = 0
configure:3094: test -s conftest.o
configure:3097: $? = 0
configure:3107: result: yes
configure:3117: checking for int
configure:3144: gcc -c -g -O2  conftest.c >&5
configure:3147: $? = 0
configure:3150: test -s conftest.o
configure:3153: $? = 0
configure:3163: result: yes
configure:3166: checking size of int
configure:3444: gcc -o conftest -g -O2   conftest.c  >&5
configure:3447: $? = 0
configure:3449: ./conftest
configure:3452: $? = 0
configure:3472: result: 4
configure:3479: checking for long
configure:3506: gcc -c -g -O2  conftest.c >&5
configure:3509: $? = 0
configure:3512: test -s conftest.o
configure:3515: $? = 0
configure:3525: result: yes
configure:3528: checking size of long
configure:3806: gcc -o conftest -g -O2   conftest.c  >&5
configure:3809: $? = 0
configure:3811: ./conftest
configure:3814: $? = 0
configure:3834: result: 4
configure:3849: checking for stdlib.h
configure:3854: result: yes
configure:3849: checking for unistd.h
configure:3854: result: yes
configure:3962: checking for getpagesize
configure:4005: gcc -o conftest -g -O2   conftest.c  >&5
configure:4008: $? = 0
configure:4011: test -s conftest
configure:4014: $? = 0
configure:4024: result: yes
configure:4034: checking for working mmap
configure:4173: gcc -o conftest -g -O2   conftest.c  >&5
configure:4176: $? = 0
configure:4178: ./conftest
configure:4181: $? = 1
configure: program exited with status 1
configure: failed program was:
#line 4042 "configure"
#include "confdefs.h"
#include <stdio.h>
#if HAVE_SYS_TYPES_H
# include <sys/types.h>
#endif
#if HAVE_SYS_STAT_H
# include <sys/stat.h>
#endif
#if STDC_HEADERS
# include <stdlib.h>
# include <stddef.h>
#else
# if HAVE_STDLIB_H
#  include <stdlib.h>
# endif
#endif
#if HAVE_STRING_H
# if !STDC_HEADERS && HAVE_MEMORY_H
#  include <memory.h>
# endif
# include <string.h>
#endif
#if HAVE_STRINGS_H
# include <strings.h>
#endif
#if HAVE_INTTYPES_H
# include <inttypes.h>
#else
# if HAVE_STDINT_H
#  include <stdint.h>
# endif
#endif
#if HAVE_UNISTD_H
# include <unistd.h>
#endif
/* malloc might have been renamed as rpl_malloc. */
#undef malloc

/* Thanks to Mike Haertel and Jim Avera for this test.
   Here is a matrix of mmap possibilities:
	mmap private not fixed
	mmap private fixed at somewhere currently unmapped
	mmap private fixed at somewhere already mapped
	mmap shared not fixed
	mmap shared fixed at somewhere currently unmapped
	mmap shared fixed at somewhere already mapped
   For private mappings, we should verify that changes cannot be read()
   back from the file, nor mmap's back from the file at a different
   address.  (There have been systems where private was not correctly
   implemented like the infamous i386 svr4.0, and systems where the
   VM page cache was not coherent with the file system buffer cache
   like early versions of FreeBSD and possibly contemporary NetBSD.)
   For shared mappings, we should conversely verify that changes get
   propagated back to all the places they're supposed to be.

   Grep wants private fixed already mapped.
   The main things grep needs to know about mmap are:
   * does it exist and is it safe to write into the mmap'd area
   * how to use it (BSD variants)  */

#include <fcntl.h>
#include <sys/mman.h>

#if !STDC_HEADERS && !HAVE_STDLIB_H
char *malloc ();
#endif

/* This mess was copied from the GNU getpagesize.h.  */
#if !HAVE_GETPAGESIZE
/* Assume that all systems that can run configure have sys/param.h.  */
# if !HAVE_SYS_PARAM_H
#  define HAVE_SYS_PARAM_H 1
# endif

# ifdef _SC_PAGESIZE
#  define getpagesize() sysconf(_SC_PAGESIZE)
# else /* no _SC_PAGESIZE */
#  if HAVE_SYS_PARAM_H
#   include <sys/param.h>
#   ifdef EXEC_PAGESIZE
#    define getpagesize() EXEC_PAGESIZE
#   else /* no EXEC_PAGESIZE */
#    ifdef NBPG
#     define getpagesize() NBPG * CLSIZE
#     ifndef CLSIZE
#      define CLSIZE 1
#     endif /* no CLSIZE */
#    else /* no NBPG */
#     ifdef NBPC
#      define getpagesize() NBPC
#     else /* no NBPC */
#      ifdef PAGESIZE
#       define getpagesize() PAGESIZE
#      endif /* PAGESIZE */
#     endif /* no NBPC */
#    endif /* no NBPG */
#   endif /* no EXEC_PAGESIZE */
#  else /* no HAVE_SYS_PARAM_H */
#   define getpagesize() 8192	/* punt totally */
#  endif /* no HAVE_SYS_PARAM_H */
# endif /* no _SC_PAGESIZE */

#endif /* no HAVE_GETPAGESIZE */

int
main ()
{
  char *data, *data2, *data3;
  int i, pagesize;
  int fd;

  pagesize = getpagesize ();

  /* First, make a file with some known garbage in it. */
  data = (char *) malloc (pagesize);
  if (!data)
    exit (1);
  for (i = 0; i < pagesize; ++i)
    *(data + i) = rand ();
  umask (0);
  fd = creat ("conftest.mmap", 0600);
  if (fd < 0)
    exit (1);
  if (write (fd, data, pagesize) != pagesize)
    exit (1);
  close (fd);

  /* Next, try to mmap the file at a fixed address which already has
     something else allocated at it.  If we can, also make sure that
     we see the same garbage.  */
  fd = open ("conftest.mmap", O_RDWR);
  if (fd < 0)
    exit (1);
  data2 = (char *) malloc (2 * pagesize);
  if (!data2)
    exit (1);
  data2 += (pagesize - ((int) data2 & (pagesize - 1))) & (pagesize - 1);
  if (data2 != mmap (data2, pagesize, PROT_READ | PROT_WRITE,
                     MAP_PRIVATE | MAP_FIXED, fd, 0L))
    exit (1);
  for (i = 0; i < pagesize; ++i)
    if (*(data + i) != *(data2 + i))
      exit (1);

  /* Finally, make sure that changes to the mapped area do not
     percolate back to the file as seen by read().  (This is a bug on
     some variants of i386 svr4.0.)  */
  for (i = 0; i < pagesize; ++i)
    *(data2 + i) = *(data2 + i) + 1;
  data3 = (char *) malloc (pagesize);
  if (!data3)
    exit (1);
  if (read (fd, data3, pagesize) != pagesize)
    exit (1);
  for (i = 0; i < pagesize; ++i)
    if (*(data + i) != *(data3 + i))
      exit (1);
  close (fd);
  exit (0);
}
configure:4194: result: no
configure:4322: checking for memcpy
configure:4365: gcc -o conftest -g -O2   conftest.c  >&5
configure:4337: warning: conflicting types for built-in function `memcpy'
configure:4368: $? = 0
configure:4371: test -s conftest
configure:4374: $? = 0
configure:4384: result: yes
configure:4322: checking for memmove
configure:4365: gcc -o conftest -g -O2   conftest.c  >&5
configure:4368: $? = 0
configure:4371: test -s conftest
configure:4374: $? = 0
configure:4384: result: yes
configure:4483: checking for ld used by GCC
configure:4546: result: /atheos/autolnk/bin/ld
configure:4555: checking if the linker (/atheos/autolnk/bin/ld) is GNU ld
GNU ld version 2.10 (with BFD 2.10)
configure:4567: result: yes
configure:4572: checking for /atheos/autolnk/bin/ld option to reload object files
configure:4579: result: -r
configure:4584: checking for BSD-compatible nm
configure:4620: result: /atheos/autolnk/bin/nm -B
configure:4623: checking whether ln -s works
configure:4627: result: yes
configure:4634: checking how to recognise dependant libraries
configure:4812: result: unknown
configure:4824: checking command to parse /atheos/autolnk/bin/nm -B output
configure:4905: gcc -c -g -O2  conftest.c >&5
configure:4908: $? = 0
configure:4912: /atheos/autolnk/bin/nm -B conftest.o \| sed -n -e 's/^.*[ 	]\([ABCDGISTW][ABCDGISTW]*\)[ 	][ 	]*\(\)\([_A-Za-z][_A-Za-z0-9]*\)$/\1 \2\3 \3/p' \> conftest.nm
configure:4915: $? = 0
configure:4967: gcc -o conftest -g -O2   conftest.c conftstm.o >&5
configure:4970: $? = 0
configure:5014: result: ok
configure:5032: checking dlfcn.h usability
configure:5041: gcc -c -g -O2  conftest.c >&5
configure:5044: $? = 0
configure:5047: test -s conftest.o
configure:5050: $? = 0
configure:5059: result: yes
configure:5063: checking dlfcn.h presence
configure:5070: gcc -E  conftest.c
configure:5076: $? = 0
configure:5094: result: yes
configure:5112: checking for dlfcn.h
configure:5119: result: yes
configure:5316: checking for ranlib
configure:5332: found /atheos/autolnk/bin/ranlib
configure:5343: result: ranlib
configure:5396: checking for strip
configure:5412: found /atheos/autolnk/bin/strip
configure:5423: result: strip
configure:5636: checking for objdir
configure:5647: result: .libs
configure:5668: checking for gcc option to produce PIC
configure:5818: result: -fPIC
configure:5822: checking if gcc PIC flag -fPIC works
configure:5848: gcc -c -g -O2 -fPIC -DPIC  conftest.c >&5
configure:5851: $? = 0
configure:5854: test -s conftest.o
configure:5857: $? = 0
configure:5894: result: yes
configure:5914: checking if gcc static flag -static works
configure:5941: gcc -o conftest -g -O2   -static conftest.c  >&5
/atheos/autolnk/bin/ld: cannot find -lc
collect2: ld returned 1 exit status
configure:5944: $? = 1
configure: failed program was:
#line 5922 "configure"
#include "confdefs.h"

#ifdef F77_DUMMY_MAIN
#  ifdef __cplusplus
     extern "C"
#  endif
   int F77_DUMMY_MAIN() { return 1; }
#endif
int
main ()
{

  ;
  return 0;
}
configure:5965: result: no
configure:5981: checking if gcc supports -c -o file.o
configure:6003: gcc -c -g -O2 -o out/conftest2.o  conftest.c >&5
configure:6025: result: yes
configure:6030: checking if gcc supports -c -o file.lo
configure:6060: gcc -c -g -O2 -c -o conftest.lo  conftest.c >&5
configure:6063: $? = 0
configure:6066: test -s conftest.lo
configure:6069: $? = 0
configure:6090: result: yes
configure:6129: checking if gcc supports -fno-rtti -fno-exceptions
configure:6154: gcc -c -g -O2 -fno-rtti -fno-exceptions -c conftest.c  conftest.c >&5
configure:6157: $? = 0
configure:6160: test -s conftest.o
configure:6163: $? = 0
configure:6179: result: yes
configure:6194: checking whether the linker (/atheos/autolnk/bin/ld) supports shared libraries
configure:6874: result: yes
configure:6883: checking how to hardcode library paths into programs
configure:6907: result: immediate
configure:6916: checking whether stripping libraries is possible
configure:6921: result: yes
configure:6936: checking dynamic linker characteristics
configure:7329: result: no
configure:7338: checking if libtool supports shared libraries
configure:7340: result: no
configure:7347: checking whether to build shared libraries
configure:7368: result: no
configure:7375: checking whether to build static libraries
configure:7379: result: yes
configure:8747: creating ./config.status

## ---------------------- ##
## Running config.status. ##
## ---------------------- ##

This file was extended by config.status, which was
generated by GNU Autoconf 2.53.  Invocation command line was

  CONFIG_FILES    = 
  CONFIG_HEADERS  = 
  CONFIG_LINKS    = 
  CONFIG_COMMANDS = 
  $ ./config.status 

on default.domain

config.status:594: creating unix-cc.mk
config.status:594: creating unix-def.mk
config.status:594: creating freetype-config
config.status:698: creating ftconfig.h

## ---------------- ##
## Cache variables. ##
## ---------------- ##

ac_cv_build=i386-unknown-atheos
ac_cv_build_alias=i386-unknown-atheos
ac_cv_c_compiler_gnu=yes
ac_cv_c_const=yes
ac_cv_env_CC_set=set
ac_cv_env_CC_value=gcc
ac_cv_env_CFLAGS_set=
ac_cv_env_CFLAGS_value=
ac_cv_env_CPPFLAGS_set=
ac_cv_env_CPPFLAGS_value=
ac_cv_env_CPP_set=
ac_cv_env_CPP_value=
ac_cv_env_LDFLAGS_set=
ac_cv_env_LDFLAGS_value=
ac_cv_env_build_alias_set=
ac_cv_env_build_alias_value=
ac_cv_env_host_alias_set=
ac_cv_env_host_alias_value=
ac_cv_env_target_alias_set=
ac_cv_env_target_alias_value=
ac_cv_exeext=
ac_cv_func_getpagesize=yes
ac_cv_func_memcpy=yes
ac_cv_func_memmove=yes
ac_cv_func_mmap_fixed_mapped=no
ac_cv_header_dlfcn_h=yes
ac_cv_header_fcntl_h=yes
ac_cv_header_inttypes_h=yes
ac_cv_header_memory_h=yes
ac_cv_header_stdc=yes
ac_cv_header_stdint_h=yes
ac_cv_header_stdlib_h=yes
ac_cv_header_string_h=yes
ac_cv_header_strings_h=yes
ac_cv_header_sys_stat_h=yes
ac_cv_header_sys_types_h=yes
ac_cv_header_unistd_h=yes
ac_cv_host=i386-unknown-atheos
ac_cv_host_alias=i386-unknown-atheos
ac_cv_objext=o
ac_cv_path_install='/usr/bin/install -c'
ac_cv_prog_CPP='gcc -E'
ac_cv_prog_RMDIR=rmdir
ac_cv_prog_RMF='rm -f'
ac_cv_prog_ac_ct_CC=gcc
ac_cv_prog_ac_ct_RANLIB=ranlib
ac_cv_prog_ac_ct_STRIP=strip
ac_cv_prog_cc_g=yes
ac_cv_prog_cc_stdc=
ac_cv_sizeof_int=4
ac_cv_sizeof_long=4
ac_cv_target=i386-unknown-atheos
ac_cv_target_alias=i386-unknown-atheos
ac_cv_type_int=yes
ac_cv_type_long=yes
lt_cv_compiler_c_o=yes
lt_cv_compiler_o_lo=yes
lt_cv_deplibs_check_method=unknown
lt_cv_file_magic_cmd='$MAGIC_CMD'
lt_cv_file_magic_test_file=
lt_cv_global_symbol_to_c_name_address='sed -n -e '\''s/^: \([^ ]*\) $/  {\"\1\", (lt_ptr) 0},/p'\'' -e '\''s/^[BCDEGRST] \([^ ]*\) \([^ ]*\)$/  {"\2", (lt_ptr) \&\2},/p'\'''
lt_cv_global_symbol_to_cdecl='sed -n -e '\''s/^. .* \(.*\)$/extern char \1;/p'\'''
lt_cv_ld_reload_flag=-r
lt_cv_path_LD=/atheos/autolnk/bin/ld
lt_cv_path_NM='/atheos/autolnk/bin/nm -B'
lt_cv_prog_cc_can_build_shared=yes
lt_cv_prog_cc_no_builtin=
lt_cv_prog_cc_pic=' -fPIC'
lt_cv_prog_cc_pic_works=yes
lt_cv_prog_cc_shlib=
lt_cv_prog_cc_static=
lt_cv_prog_cc_static_works=no
lt_cv_prog_cc_wl=-Wl,
lt_cv_prog_gnu_ld=yes
lt_cv_sys_global_symbol_pipe='sed -n -e '\''s/^.*[ 	]\([ABCDGISTW][ABCDGISTW]*\)[ 	][ 	]*\(\)\([_A-Za-z][_A-Za-z0-9]*\)$/\1 \2\3 \3/p'\'''
lt_cv_sys_path_separator=:

## ----------- ##
## confdefs.h. ##
## ----------- ##

#define PACKAGE_NAME ""
#define PACKAGE_TARNAME ""
#define PACKAGE_VERSION ""
#define PACKAGE_STRING ""
#define PACKAGE_BUGREPORT ""
#define STDC_HEADERS 1
#define HAVE_SYS_TYPES_H 1
#define HAVE_SYS_STAT_H 1
#define HAVE_STDLIB_H 1
#define HAVE_STRING_H 1
#define HAVE_MEMORY_H 1
#define HAVE_STRINGS_H 1
#define HAVE_INTTYPES_H 1
#define HAVE_STDINT_H 1
#define HAVE_UNISTD_H 1
#define HAVE_FCNTL_H 1
#define HAVE_UNISTD_H 1
#define SIZEOF_INT 4
#define SIZEOF_LONG 4
#define HAVE_STDLIB_H 1
#define HAVE_UNISTD_H 1
#define HAVE_GETPAGESIZE 1
#define HAVE_MEMCPY 1
#define HAVE_MEMMOVE 1
#define HAVE_DLFCN_H 1

configure: exit 0
